c:\users\zachary windover\source\repos\final project 2\x64\debug\vc143.pdb
c:\users\zachary windover\source\repos\final project 2\x64\debug\vc143.idb
c:\users\zachary windover\source\repos\final project 2\x64\debug\main.obj
c:\users\zachary windover\source\repos\final project 3\x64\debug\vc143.pdb
c:\users\zachary windover\source\repos\final project 3\x64\debug\vc143.idb
c:\users\zachary windover\source\repos\final project 3\x64\debug\main.obj
c:\users\zachary windover\source\repos\massively parallel programming final project\x64\debug\vc143.pdb
c:\users\zachary windover\source\repos\massively parallel programming final project\x64\debug\vc143.idb
c:\users\zachary windover\source\repos\massively parallel programming final project\x64\debug\open.obj
c:\users\zachary windover\source\repos\massively parallel programming final project\x64\debug\main.obj
c:\users\zachary windover\source\repos\final project 2\x64\debug\lab1.exe
c:\users\zachary windover\source\repos\final project 2\x64\debug\lab1.ilk
c:\users\zachary windover\source\repos\final project 2\x64\debug\lab1.pdb
c:\users\zachary windover\source\repos\final project 3\x64\debug\lab1.exe
c:\users\zachary windover\source\repos\final project 3\x64\debug\lab1.ilk
c:\users\zachary windover\source\repos\final project 3\x64\debug\lab1.pdb
c:\users\zachary windover\source\repos\massively parallel programming final project\x64\debug\lab1.exe
c:\users\zachary windover\source\repos\massively parallel programming final project\x64\debug\lab1.ilk
c:\users\zachary windover\source\repos\massively parallel programming final project\x64\debug\lab1.pdb
c:\users\zachary windover\source\repos\massively parallel programming final project\x64\debug\ray_tracer.obj
c:\users\zachary windover\source\repos\massively parallel programming final project\x64\debug\main.obj.enc
c:\users\zachary windover\source\repos\massively parallel programming final project\x64\debug\lab1.tlog\cl.command.1.tlog
c:\users\zachary windover\source\repos\massively parallel programming final project\x64\debug\lab1.tlog\cl.read.1.tlog
c:\users\zachary windover\source\repos\massively parallel programming final project\x64\debug\lab1.tlog\cl.write.1.tlog
c:\users\zachary windover\source\repos\massively parallel programming final project\x64\debug\lab1.tlog\clang-cl.command.1.tlog
c:\users\zachary windover\source\repos\massively parallel programming final project\x64\debug\lab1.tlog\link.command.1.tlog
c:\users\zachary windover\source\repos\massively parallel programming final project\x64\debug\lab1.tlog\link.read.1.tlog
c:\users\zachary windover\source\repos\massively parallel programming final project\x64\debug\lab1.tlog\link.write.1.tlog
c:\users\zachary windover\source\repos\massively parallel programming final project\x64\debug\lab1.tlog\lld-link.command.1.tlog
c:\users\zachary windover\source\repos\massively parallel programming final project\x64\debug\lab1.tlog\lld-link.read.1.tlog
c:\users\zachary windover\source\repos\massively parallel programming final project\x64\debug\lab1.tlog\lld-link.read.2.tlog
c:\users\zachary windover\source\repos\massively parallel programming final project\x64\debug\lab1.tlog\lld-link.write.1.tlog
